build/app/intermediates/manifest_merge_blame_file/release/manifest-merger-blame-release-report.txt
1<?xml version="1.0" encoding="utf-8"?>
2<manifest xmlns:android="http://schemas.android.com/apk/res/android"
3    package="com.example.sme_prefeitura_sao_paulo_app"
4    android:versionCode="1"
5    android:versionName="1.0" >
6
7    <uses-sdk
8        android:minSdkVersion="19"
8-->src\main\AndroidManifest.xml
9        android:targetSdkVersion="33" />
9-->src\main\AndroidManifest.xml
10    <!--
11         io.flutter.app.FlutterApplication is an android.app.Application that
12         calls FlutterMain.startInitialization(this); in its onCreate method.
13         In most cases you can leave this as-is, but you if you want to provide
14         additional functionality it is fine to subclass or reimplement
15         FlutterApplication and put your custom class here.
16    -->
17    <uses-permission android:name="android.permission.INTERNET" />
17-->src\main\AndroidManifest.xml:8:5-66
17-->src\main\AndroidManifest.xml:8:22-64
18    <uses-permission
18-->src\main\AndroidManifest.xml:9:5-103
19        android:name="android.permission.ACCESS_FINE_LOCATION"
19-->src\main\AndroidManifest.xml:9:22-76
20        android:required="true" />
20-->src\main\AndroidManifest.xml:9:77-100
21    <uses-permission
21-->src\main\AndroidManifest.xml:10:5-105
22        android:name="android.permission.ACCESS_COARSE_LOCATION"
22-->src\main\AndroidManifest.xml:10:22-78
23        android:required="true" />
23-->src\main\AndroidManifest.xml:10:79-102
24    <uses-permission android:name="android.permission.CAMERA" />
24-->[:flutter_barcode_scanner] AndroidManifest.xml:7:5-65
24-->[:flutter_barcode_scanner] AndroidManifest.xml:7:22-62
25
26    <uses-feature android:name="android.hardware.camera" />
26-->[:flutter_barcode_scanner] AndroidManifest.xml:9:5-60
26-->[:flutter_barcode_scanner] AndroidManifest.xml:9:19-57
27
28    <uses-permission android:name="android.permission.FLASHLIGHT" />
28-->[:flutter_barcode_scanner] AndroidManifest.xml:11:5-69
28-->[:flutter_barcode_scanner] AndroidManifest.xml:11:22-66
29    <uses-permission android:name="android.permission.ACCESS_NETWORK_STATE" />
29-->[com.google.android.exoplayer:exoplayer-core:2.18.1] AndroidManifest.xml:24:5-79
29-->[com.google.android.exoplayer:exoplayer-core:2.18.1] AndroidManifest.xml:24:22-76
30
31    <application
32        android:name="android.app.Application"
32-->src\main\AndroidManifest.xml:12:9-42
33        android:appComponentFactory="androidx.core.app.CoreComponentFactory"
33-->[androidx.core:core:1.7.0] AndroidManifest.xml:24:18-86
34        android:icon="@mipmap/launcher_icon"
34-->src\main\AndroidManifest.xml:14:9-45
35        android:label="SME Prefeitura SP"
35-->src\main\AndroidManifest.xml:13:9-42
36        android:largeHeap="true"
36-->[:flutter_barcode_scanner] AndroidManifest.xml:14:9-33
37        android:theme="@style/Theme.AppCompat.NoActionBar" >
37-->[:flutter_barcode_scanner] AndroidManifest.xml:15:9-59
38        <activity
38-->src\main\AndroidManifest.xml:15:9-45:20
39            android:name="com.example.sme_prefeitura_sao_paulo_app.MainActivity"
39-->src\main\AndroidManifest.xml:16:13-41
40            android:configChanges="orientation|keyboardHidden|keyboard|screenSize|smallestScreenSize|locale|layoutDirection|fontScale|screenLayout|density|uiMode"
40-->src\main\AndroidManifest.xml:20:13-163
41            android:exported="true"
41-->src\main\AndroidManifest.xml:17:13-36
42            android:hardwareAccelerated="true"
42-->src\main\AndroidManifest.xml:21:13-47
43            android:launchMode="singleTop"
43-->src\main\AndroidManifest.xml:18:13-43
44            android:screenOrientation="portrait"
44-->src\main\AndroidManifest.xml:22:13-49
45            android:theme="@style/LaunchTheme"
45-->src\main\AndroidManifest.xml:19:13-47
46            android:windowSoftInputMode="adjustResize" >
46-->src\main\AndroidManifest.xml:23:13-55
47
48            <!--
49                 Specifies an Android theme to apply to this Activity as soon as
50                 the Android process has started. This theme is visible to the user
51                 while the Flutter UI initializes. After that, this theme continues
52                 to determine the Window background behind the Flutter UI.
53            -->
54            <meta-data
54-->src\main\AndroidManifest.xml:28:13-31:17
55                android:name="io.flutter.embedding.android.NormalTheme"
55-->src\main\AndroidManifest.xml:29:15-70
56                android:resource="@style/NormalTheme" />
56-->src\main\AndroidManifest.xml:30:15-52
57            <!--
58                 Displays an Android View that continues showing the launch screen
59                 Drawable until Flutter paints its first frame, then this splash
60                 screen fades out. A splash screen is useful to avoid any visual
61                 gap between the end of Android's launch screen and the painting of
62                 Flutter's first frame.
63            -->
64            <meta-data
64-->src\main\AndroidManifest.xml:37:13-40:17
65                android:name="io.flutter.embedding.android.SplashScreenDrawable"
65-->src\main\AndroidManifest.xml:38:15-79
66                android:resource="@drawable/launch_background" />
66-->src\main\AndroidManifest.xml:39:15-61
67
68            <intent-filter>
68-->src\main\AndroidManifest.xml:41:13-44:29
69                <action android:name="android.intent.action.MAIN" />
69-->src\main\AndroidManifest.xml:42:17-68
69-->src\main\AndroidManifest.xml:42:25-66
70
71                <category android:name="android.intent.category.LAUNCHER" />
71-->src\main\AndroidManifest.xml:43:17-76
71-->src\main\AndroidManifest.xml:43:27-74
72            </intent-filter>
73        </activity>
74        <!--
75             Don't delete the meta-data below.
76             This is used by the Flutter tool to generate GeneratedPluginRegistrant.java
77        -->
78        <meta-data
78-->src\main\AndroidManifest.xml:48:9-50:33
79            android:name="flutterEmbedding"
79-->src\main\AndroidManifest.xml:49:13-44
80            android:value="2" />
80-->src\main\AndroidManifest.xml:50:13-30
81
82        <activity android:name="com.amolg.flutterbarcodescanner.BarcodeCaptureActivity" />
82-->[:flutter_barcode_scanner] AndroidManifest.xml:16:9-91
82-->[:flutter_barcode_scanner] AndroidManifest.xml:16:19-88
83
84        <uses-library
84-->[androidx.window:window:1.0.0-beta04] AndroidManifest.xml:25:9-27:40
85            android:name="androidx.window.extensions"
85-->[androidx.window:window:1.0.0-beta04] AndroidManifest.xml:26:13-54
86            android:required="false" />
86-->[androidx.window:window:1.0.0-beta04] AndroidManifest.xml:27:13-37
87        <uses-library
87-->[androidx.window:window:1.0.0-beta04] AndroidManifest.xml:28:9-30:40
88            android:name="androidx.window.sidecar"
88-->[androidx.window:window:1.0.0-beta04] AndroidManifest.xml:29:13-51
89            android:required="false" />
89-->[androidx.window:window:1.0.0-beta04] AndroidManifest.xml:30:13-37
90
91        <activity
91-->[com.google.android.gms:play-services-base:17.4.0] AndroidManifest.xml:23:9-26:75
92            android:name="com.google.android.gms.common.api.GoogleApiActivity"
92-->[com.google.android.gms:play-services-base:17.4.0] AndroidManifest.xml:24:13-79
93            android:exported="false"
93-->[com.google.android.gms:play-services-base:17.4.0] AndroidManifest.xml:25:13-37
94            android:theme="@android:style/Theme.Translucent.NoTitleBar" />
94-->[com.google.android.gms:play-services-base:17.4.0] AndroidManifest.xml:26:13-72
95
96        <meta-data
96-->[com.google.android.gms:play-services-basement:17.4.0] AndroidManifest.xml:23:9-25:69
97            android:name="com.google.android.gms.version"
97-->[com.google.android.gms:play-services-basement:17.4.0] AndroidManifest.xml:24:13-58
98            android:value="@integer/google_play_services_version" />
98-->[com.google.android.gms:play-services-basement:17.4.0] AndroidManifest.xml:25:13-66
99    </application>
100
101</manifest>